<?xml version="1.0" encoding="UTF-8"?>
<!-- Generated by org.testng.reporters.JUnitReportReporter -->
<testsuite hostname="DESKTOP-7M17TF6" failures="0" tests="1" name="facebook.Facebook" time="135.582" errors="0" timestamp="2023-11-24T11:02:10 IST" skipped="0">
  <testcase classname="facebook.Facebook" name="a" time="135.582"/>
  <system-out/>
</testsuite> <!-- facebook.Facebook -->
